<?xml version="1.0" encoding="UTF-8"?>
<robot generator="Robot 4.0.3 (Python 3.8.5 on linux)" generated="20210627 01:33:05.773" rpa="false" schemaversion="2">
<suite id="s1" name="Test" source="/home/kira/Documentos/autNlw/test.robot">
<test id="s1-t1" name="Caso 1: Acessar a sessão Sobre">
<kw name="Abrir navegador" library="Resource" type="SETUP">
<kw name="Open Browser" library="SeleniumLibrary">
<arg>${URL}</arg>
<arg>${BROWSER}</arg>
<doc>Opens a new browser instance to the optional ``url``.</doc>
<msg timestamp="20210627 01:33:05.954" level="INFO">Opening browser 'chrome' to base url 'https://nlw-kira-1.netlify.app/'.</msg>
<status status="PASS" starttime="20210627 01:33:05.953" endtime="20210627 01:33:07.293"/>
</kw>
<status status="PASS" starttime="20210627 01:33:05.952" endtime="20210627 01:33:07.294"/>
</kw>
<kw name="Acessar a página home" library="Resource">
<kw name="Title Should Be" library="SeleniumLibrary">
<arg>OriginSix</arg>
<doc>Verifies that the current page title equals ``title``.</doc>
<msg timestamp="20210627 01:33:07.315" level="INFO">Page title is 'OriginSix'.</msg>
<status status="PASS" starttime="20210627 01:33:07.296" endtime="20210627 01:33:07.315"/>
</kw>
<status status="PASS" starttime="20210627 01:33:07.295" endtime="20210627 01:33:07.315"/>
</kw>
<kw name="Clicar na opção &quot;Sobre&quot;" library="Resource" sourcename="Clicar na opção &quot;${OPÇÃO}&quot;">
<kw name="Wait Until Element Is Visible" library="SeleniumLibrary">
<arg>css=#header &gt; nav &gt; a</arg>
<doc>Waits until the element ``locator`` is visible.</doc>
<status status="PASS" starttime="20210627 01:33:07.317" endtime="20210627 01:33:07.363"/>
</kw>
<kw name="Click Element" library="SeleniumLibrary">
<arg>xpath=//*[@id="header"]//*[@class='toogle icon-menu']</arg>
<doc>Click the element identified by ``locator``.</doc>
<msg timestamp="20210627 01:33:07.364" level="INFO">Clicking element 'xpath=//*[@id="header"]//*[@class='toogle icon-menu']'.</msg>
<status status="PASS" starttime="20210627 01:33:07.363" endtime="20210627 01:33:07.432"/>
</kw>
<status status="PASS" starttime="20210627 01:33:07.316" endtime="20210627 01:33:07.432"/>
</kw>
<kw name="Conferir se o título &quot;Sobre nós&quot; está sendo mostrado" library="Resource" sourcename="Conferir se o título &quot;${TÍTULO}&quot; está sendo mostrado">
<kw name="Wait Until Element Is Visible" library="SeleniumLibrary">
<arg>xpath=//*[@id="header"]//a[@href='#about']</arg>
<doc>Waits until the element ``locator`` is visible.</doc>
<status status="PASS" starttime="20210627 01:33:07.434" endtime="20210627 01:33:07.762"/>
</kw>
<kw name="Click Element" library="SeleniumLibrary">
<arg>xpath=//*[@id="header"]//a[@href='#about']</arg>
<doc>Click the element identified by ``locator``.</doc>
<msg timestamp="20210627 01:33:07.763" level="INFO">Clicking element 'xpath=//*[@id="header"]//a[@href='#about']'.</msg>
<status status="PASS" starttime="20210627 01:33:07.763" endtime="20210627 01:33:07.832"/>
</kw>
<status status="PASS" starttime="20210627 01:33:07.433" endtime="20210627 01:33:07.832"/>
</kw>
<kw name="Fechar navegador" library="Resource" type="TEARDOWN">
<kw name="Close Browser" library="SeleniumLibrary">
<doc>Closes the current browser.</doc>
<status status="PASS" starttime="20210627 01:33:07.834" endtime="20210627 01:33:07.908"/>
</kw>
<status status="PASS" starttime="20210627 01:33:07.833" endtime="20210627 01:33:07.908"/>
</kw>
<status status="PASS" starttime="20210627 01:33:05.951" endtime="20210627 01:33:07.908"/>
</test>
<test id="s1-t2" name="Caso 2: Verificar os Depoimentos">
<kw name="Abrir navegador" library="Resource" type="SETUP">
<kw name="Open Browser" library="SeleniumLibrary">
<arg>${URL}</arg>
<arg>${BROWSER}</arg>
<doc>Opens a new browser instance to the optional ``url``.</doc>
<msg timestamp="20210627 01:33:07.913" level="INFO">Opening browser 'chrome' to base url 'https://nlw-kira-1.netlify.app/'.</msg>
<status status="PASS" starttime="20210627 01:33:07.912" endtime="20210627 01:33:10.478"/>
</kw>
<status status="PASS" starttime="20210627 01:33:07.912" endtime="20210627 01:33:10.479"/>
</kw>
<kw name="Acessar a página home" library="Resource">
<kw name="Title Should Be" library="SeleniumLibrary">
<arg>OriginSix</arg>
<doc>Verifies that the current page title equals ``title``.</doc>
<msg timestamp="20210627 01:33:10.492" level="INFO">Page title is 'OriginSix'.</msg>
<status status="PASS" starttime="20210627 01:33:10.480" endtime="20210627 01:33:10.492"/>
</kw>
<status status="PASS" starttime="20210627 01:33:10.479" endtime="20210627 01:33:10.493"/>
</kw>
<kw name="Clicar na opção &quot;Depoimentos&quot;" library="Resource" sourcename="Clicar na opção &quot;${OPÇÃO}&quot;">
<kw name="Wait Until Element Is Visible" library="SeleniumLibrary">
<arg>css=#header &gt; nav &gt; a</arg>
<doc>Waits until the element ``locator`` is visible.</doc>
<status status="PASS" starttime="20210627 01:33:10.494" endtime="20210627 01:33:10.531"/>
</kw>
<kw name="Click Element" library="SeleniumLibrary">
<arg>xpath=//*[@id="header"]//*[@class='toogle icon-menu']</arg>
<doc>Click the element identified by ``locator``.</doc>
<msg timestamp="20210627 01:33:10.532" level="INFO">Clicking element 'xpath=//*[@id="header"]//*[@class='toogle icon-menu']'.</msg>
<status status="PASS" starttime="20210627 01:33:10.532" endtime="20210627 01:33:10.582"/>
</kw>
<status status="PASS" starttime="20210627 01:33:10.493" endtime="20210627 01:33:10.582"/>
</kw>
<kw name="Conferir se o depoimento de &quot;Bia Fray&quot; está sendo mostrado" library="Resource" sourcename="Conferir se o depoimento de &quot;${DEPOIMENTO}&quot; está sendo mostrado">
<kw name="Wait Until Element Is Enabled" library="SeleniumLibrary">
<arg>xpath=//*[@id="testimonials"]/div/header/h2</arg>
<doc>Waits until the element ``locator`` is enabled.</doc>
<status status="PASS" starttime="20210627 01:33:10.583" endtime="20210627 01:33:10.637"/>
</kw>
<status status="PASS" starttime="20210627 01:33:10.582" endtime="20210627 01:33:10.637"/>
</kw>
<kw name="Fechar navegador" library="Resource" type="TEARDOWN">
<kw name="Close Browser" library="SeleniumLibrary">
<doc>Closes the current browser.</doc>
<status status="PASS" starttime="20210627 01:33:10.639" endtime="20210627 01:33:10.704"/>
</kw>
<status status="PASS" starttime="20210627 01:33:10.638" endtime="20210627 01:33:10.704"/>
</kw>
<status status="PASS" starttime="20210627 01:33:07.910" endtime="20210627 01:33:10.704"/>
</test>
<test id="s1-t3" name="Caso 3: Entra em contato">
<kw name="Abrir navegador" library="Resource" type="SETUP">
<kw name="Open Browser" library="SeleniumLibrary">
<arg>${URL}</arg>
<arg>${BROWSER}</arg>
<doc>Opens a new browser instance to the optional ``url``.</doc>
<msg timestamp="20210627 01:33:10.708" level="INFO">Opening browser 'chrome' to base url 'https://nlw-kira-1.netlify.app/'.</msg>
<status status="PASS" starttime="20210627 01:33:10.707" endtime="20210627 01:33:13.141"/>
</kw>
<status status="PASS" starttime="20210627 01:33:10.706" endtime="20210627 01:33:13.141"/>
</kw>
<kw name="Acessar a página home" library="Resource">
<kw name="Title Should Be" library="SeleniumLibrary">
<arg>OriginSix</arg>
<doc>Verifies that the current page title equals ``title``.</doc>
<msg timestamp="20210627 01:33:13.159" level="INFO">Page title is 'OriginSix'.</msg>
<status status="PASS" starttime="20210627 01:33:13.143" endtime="20210627 01:33:13.159"/>
</kw>
<status status="PASS" starttime="20210627 01:33:13.142" endtime="20210627 01:33:13.159"/>
</kw>
<kw name="Clicar na opção &quot;Contato&quot;" library="Resource" sourcename="Clicar na opção &quot;${OPÇÃO}&quot;">
<kw name="Wait Until Element Is Visible" library="SeleniumLibrary">
<arg>css=#header &gt; nav &gt; a</arg>
<doc>Waits until the element ``locator`` is visible.</doc>
<status status="PASS" starttime="20210627 01:33:13.161" endtime="20210627 01:33:13.204"/>
</kw>
<kw name="Click Element" library="SeleniumLibrary">
<arg>xpath=//*[@id="header"]//*[@class='toogle icon-menu']</arg>
<doc>Click the element identified by ``locator``.</doc>
<msg timestamp="20210627 01:33:13.205" level="INFO">Clicking element 'xpath=//*[@id="header"]//*[@class='toogle icon-menu']'.</msg>
<status status="PASS" starttime="20210627 01:33:13.204" endtime="20210627 01:33:13.260"/>
</kw>
<status status="PASS" starttime="20210627 01:33:13.160" endtime="20210627 01:33:13.260"/>
</kw>
<kw name="Clicar no botão &quot;Entra em contato&quot;" library="Resource" sourcename="Clicar no botão &quot;${BOTÃO}&quot;">
<kw name="Wait Until Element Is Enabled" library="SeleniumLibrary">
<arg>css=#contact &gt; div &gt; div.text &gt; h2</arg>
<doc>Waits until the element ``locator`` is enabled.</doc>
<status status="PASS" starttime="20210627 01:33:13.261" endtime="20210627 01:33:13.298"/>
</kw>
<kw name="Wait Until Element Is Enabled" library="SeleniumLibrary">
<arg>css=#contact &gt; div &gt; div.text &gt; a</arg>
<doc>Waits until the element ``locator`` is enabled.</doc>
<status status="PASS" starttime="20210627 01:33:13.298" endtime="20210627 01:33:13.329"/>
</kw>
<status status="PASS" starttime="20210627 01:33:13.261" endtime="20210627 01:33:13.329"/>
</kw>
<kw name="Fechar navegador" library="Resource" type="TEARDOWN">
<kw name="Close Browser" library="SeleniumLibrary">
<doc>Closes the current browser.</doc>
<status status="PASS" starttime="20210627 01:33:13.330" endtime="20210627 01:33:13.391"/>
</kw>
<status status="PASS" starttime="20210627 01:33:13.329" endtime="20210627 01:33:13.394"/>
</kw>
<status status="PASS" starttime="20210627 01:33:10.705" endtime="20210627 01:33:13.394"/>
</test>
<status status="PASS" starttime="20210627 01:33:05.775" endtime="20210627 01:33:13.397"/>
</suite>
<statistics>
<total>
<stat pass="3" fail="0" skip="0">All Tests</stat>
</total>
<tag>
</tag>
<suite>
<stat pass="3" fail="0" skip="0" id="s1" name="Test">Test</stat>
</suite>
</statistics>
<errors>
</errors>
</robot>
